\BOOKMARK [0][-]{section*.1}{\376\377\000C\000o\000n\000t\000e\000n\000t\000s}{}% 1
\BOOKMARK [0][-]{chapter.1}{\376\377\000I\000n\000t\000r\000o\000d\000u\000c\000t\000i\000o\000n}{}% 2
\BOOKMARK [1][-]{section.1.1}{\376\377\000H\000i\000s\000t\000o\000r\000y}{chapter.1}% 3
\BOOKMARK [1][-]{section.1.2}{\376\377\000W\000h\000o\000\040\000Y\000o\000u\000\040\000A\000r\000e}{chapter.1}% 4
\BOOKMARK [1][-]{section.1.3}{\376\377\000T\000e\000a\000c\000h\000i\000n\000g\000\040\000P\000r\000a\000c\000t\000i\000c\000e\000s}{chapter.1}% 5
\BOOKMARK [1][-]{section.1.4}{\376\377\000A\000c\000k\000n\000o\000w\000l\000e\000d\000g\000m\000e\000n\000t\000s}{chapter.1}% 6
\BOOKMARK [1][-]{section.1.5}{\376\377\000C\000h\000a\000l\000l\000e\000n\000g\000e\000s}{chapter.1}% 7
\BOOKMARK [0][-]{chapter.2}{\376\377\000H\000e\000l\000p\000i\000n\000g\000\040\000N\000o\000v\000i\000c\000e\000s\000\040\000B\000u\000i\000l\000d\000\040\000M\000e\000n\000t\000a\000l\000\040\000M\000o\000d\000e\000l\000s}{}% 8
\BOOKMARK [1][-]{section.2.1}{\376\377\000F\000o\000r\000m\000a\000t\000i\000v\000e\000\040\000A\000s\000s\000e\000s\000s\000m\000e\000n\000t}{chapter.2}% 9
\BOOKMARK [1][-]{section.2.2}{\376\377\000T\000e\000a\000c\000h\000i\000n\000g\000\040\000P\000r\000a\000c\000t\000i\000c\000e\000s}{chapter.2}% 10
\BOOKMARK [1][-]{section.2.3}{\376\377\000C\000h\000a\000l\000l\000e\000n\000g\000e\000s}{chapter.2}% 11
\BOOKMARK [0][-]{chapter.3}{\376\377\000T\000e\000a\000c\000h\000i\000n\000g\000\040\000a\000s\000\040\000a\000\040\000P\000e\000r\000f\000o\000r\000m\000a\000n\000c\000e\000\040\000A\000r\000t}{}% 12
\BOOKMARK [1][-]{section.3.1}{\376\377\000F\000e\000e\000d\000b\000a\000c\000k}{chapter.3}% 13
\BOOKMARK [1][-]{section.3.2}{\376\377\000H\000o\000w\000\040\000t\000o\000\040\000P\000r\000a\000c\000t\000i\000c\000e\000\040\000T\000e\000a\000c\000h\000i\000n\000g}{chapter.3}% 14
\BOOKMARK [1][-]{section.3.3}{\376\377\000C\000h\000a\000l\000l\000e\000n\000g\000e\000s}{chapter.3}% 15
\BOOKMARK [0][-]{chapter.4}{\376\377\000E\000x\000p\000e\000r\000t\000i\000s\000e\000\040\000a\000n\000d\000\040\000M\000e\000m\000o\000r\000y}{}% 16
\BOOKMARK [1][-]{section.4.1}{\376\377\000R\000e\000p\000e\000t\000i\000t\000i\000o\000n\000\040\000v\000s\000.\000\040\000D\000e\000l\000i\000b\000e\000r\000a\000t\000e\000\040\000P\000r\000a\000c\000t\000i\000c\000e}{chapter.4}% 17
\BOOKMARK [1][-]{section.4.2}{\376\377\000C\000o\000n\000c\000e\000p\000t\000\040\000M\000a\000p\000s}{chapter.4}% 18
\BOOKMARK [1][-]{section.4.3}{\376\377\000S\000e\000v\000e\000n\000\040\000P\000l\000u\000s\000\040\000o\000r\000\040\000M\000i\000n\000u\000s\000\040\000T\000w\000o}{chapter.4}% 19
\BOOKMARK [1][-]{section.4.4}{\376\377\000C\000h\000a\000l\000l\000e\000n\000g\000e\000s}{chapter.4}% 20
\BOOKMARK [0][-]{chapter.5}{\376\377\000C\000o\000g\000n\000i\000t\000i\000v\000e\000\040\000L\000o\000a\000d}{}% 21
\BOOKMARK [1][-]{section.5.1}{\376\377\000P\000a\000t\000t\000e\000r\000n\000\040\000R\000e\000c\000o\000g\000n\000i\000t\000i\000o\000n}{chapter.5}% 22
\BOOKMARK [1][-]{section.5.2}{\376\377\000Y\000o\000u\000\040\000A\000r\000e\000\040\000N\000o\000t\000\040\000Y\000o\000u\000r\000\040\000L\000e\000a\000r\000n\000e\000r\000s}{chapter.5}% 23
\BOOKMARK [1][-]{section.5.3}{\376\377\000C\000h\000a\000l\000l\000e\000n\000g\000e\000s}{chapter.5}% 24
\BOOKMARK [0][-]{chapter.6}{\376\377\000D\000e\000s\000i\000g\000n\000i\000n\000g\000\040\000L\000e\000s\000s\000o\000n\000s}{}% 25
\BOOKMARK [1][-]{section.6.1}{\376\377\000L\000e\000a\000r\000n\000e\000r\000\040\000P\000e\000r\000s\000o\000n\000a\000s}{chapter.6}% 26
\BOOKMARK [1][-]{section.6.2}{\376\377\000L\000e\000a\000r\000n\000i\000n\000g\000\040\000O\000b\000j\000e\000c\000t\000i\000v\000e\000s}{chapter.6}% 27
\BOOKMARK [1][-]{section.6.3}{\376\377\000M\000a\000i\000n\000t\000a\000i\000n\000a\000b\000i\000l\000i\000t\000y}{chapter.6}% 28
\BOOKMARK [1][-]{section.6.4}{\376\377\000A\000\040\000R\000e\000m\000i\000n\000d\000e\000r}{chapter.6}% 29
\BOOKMARK [1][-]{section.6.5}{\376\377\000C\000h\000a\000l\000l\000e\000n\000g\000e\000s}{chapter.6}% 30
\BOOKMARK [0][-]{chapter.7}{\376\377\000M\000o\000t\000i\000v\000a\000t\000i\000o\000n\000\040\000a\000n\000d\000\040\000D\000e\000m\000o\000t\000i\000v\000a\000t\000i\000o\000n}{}% 31
\BOOKMARK [1][-]{section.7.1}{\376\377\000D\000e\000m\000o\000t\000i\000v\000a\000t\000i\000o\000n}{chapter.7}% 32
\BOOKMARK [1][-]{section.7.2}{\376\377\000I\000m\000p\000o\000s\000t\000o\000r\000\040\000S\000y\000n\000d\000r\000o\000m\000e}{chapter.7}% 33
\BOOKMARK [1][-]{section.7.3}{\376\377\000S\000t\000e\000r\000e\000o\000t\000y\000p\000e\000\040\000T\000h\000r\000e\000a\000t}{chapter.7}% 34
\BOOKMARK [1][-]{section.7.4}{\376\377\000M\000i\000n\000d\000s\000e\000t}{chapter.7}% 35
\BOOKMARK [1][-]{section.7.5}{\376\377\000A\000c\000c\000e\000s\000s\000i\000b\000i\000l\000i\000t\000y}{chapter.7}% 36
\BOOKMARK [1][-]{section.7.6}{\376\377\000I\000n\000c\000l\000u\000s\000i\000v\000i\000t\000y}{chapter.7}% 37
\BOOKMARK [1][-]{section.7.7}{\376\377\000C\000h\000a\000l\000l\000e\000n\000g\000e\000s}{chapter.7}% 38
\BOOKMARK [0][-]{chapter.8}{\376\377\000L\000i\000v\000e\000\040\000C\000o\000d\000i\000n\000g}{}% 39
\BOOKMARK [1][-]{section.8.1}{\376\377\000B\000e\000\040\000S\000e\000e\000n\000\040\000a\000n\000d\000\040\000H\000e\000a\000r\000d}{chapter.8}% 40
\BOOKMARK [1][-]{section.8.2}{\376\377\000T\000a\000k\000e\000\040\000I\000t\000\040\000S\000l\000o\000w}{chapter.8}% 41
\BOOKMARK [1][-]{section.8.3}{\376\377\000M\000i\000r\000r\000o\000r\000\040\000Y\000o\000u\000r\000\040\000L\000e\000a\000r\000n\000e\000r\000'\000s\000\040\000E\000n\000v\000i\000r\000o\000n\000m\000e\000n\000t}{chapter.8}% 42
\BOOKMARK [1][-]{section.8.4}{\376\377\000U\000s\000e\000\040\000t\000h\000e\000\040\000S\000c\000r\000e\000e\000n\000\040\000W\000i\000s\000e\000l\000y}{chapter.8}% 43
\BOOKMARK [1][-]{section.8.5}{\376\377\000D\000o\000u\000b\000l\000e\000\040\000D\000e\000v\000i\000c\000e\000s}{chapter.8}% 44
\BOOKMARK [1][-]{section.8.6}{\376\377\000U\000s\000e\000\040\000I\000l\000l\000u\000s\000t\000r\000a\000t\000i\000o\000n\000s}{chapter.8}% 45
\BOOKMARK [1][-]{section.8.7}{\376\377\000A\000v\000o\000i\000d\000\040\000D\000i\000s\000t\000r\000a\000c\000t\000i\000o\000n\000s}{chapter.8}% 46
\BOOKMARK [1][-]{section.8.8}{\376\377\000I\000m\000p\000r\000o\000v\000i\000s\000e\000\040\000A\000f\000t\000e\000r\000\040\000Y\000o\000u\000\040\000K\000n\000o\000w\000\040\000t\000h\000e\000\040\000M\000a\000t\000e\000r\000i\000a\000l}{chapter.8}% 47
\BOOKMARK [1][-]{section.8.9}{\376\377\000E\000m\000b\000r\000a\000c\000e\000\040\000M\000i\000s\000t\000a\000k\000e\000s}{chapter.8}% 48
\BOOKMARK [1][-]{section.8.10}{\376\377\000F\000a\000c\000e\000\040\000t\000h\000e\000\040\000S\000c\000r\000e\000e\000n\040\023\000O\000c\000c\000a\000s\000i\000o\000n\000a\000l\000l\000y}{chapter.8}% 49
\BOOKMARK [1][-]{section.8.11}{\376\377\000H\000a\000v\000e\000\040\000F\000u\000n}{chapter.8}% 50
\BOOKMARK [1][-]{section.8.12}{\376\377\000C\000h\000a\000l\000l\000e\000n\000g\000e\000s}{chapter.8}% 51
\BOOKMARK [0][-]{chapter.9}{\376\377\000T\000e\000a\000c\000h\000i\000n\000g\000\040\000P\000r\000a\000c\000t\000i\000c\000e\000s}{}% 52
\BOOKMARK [1][-]{section.9.1}{\376\377\000H\000a\000v\000e\000\040\000a\000\040\000C\000o\000d\000e\000\040\000o\000f\000\040\000C\000o\000n\000d\000u\000c\000t}{chapter.9}% 53
\BOOKMARK [1][-]{section.9.2}{\376\377\000S\000t\000a\000r\000t\000i\000n\000g\000\040\000O\000u\000t}{chapter.9}% 54
\BOOKMARK [1][-]{section.9.3}{\376\377\000O\000v\000e\000r\000n\000i\000g\000h\000t\000\040\000H\000o\000m\000e\000w\000o\000r\000k}{chapter.9}% 55
\BOOKMARK [1][-]{section.9.4}{\376\377\000N\000e\000v\000e\000r\000\040\000a\000\040\000B\000l\000a\000n\000k\000\040\000P\000a\000g\000e}{chapter.9}% 56
\BOOKMARK [1][-]{section.9.5}{\376\377\000T\000a\000k\000e\000\040\000N\000o\000t\000e\000s\000\040\000T\000o\000g\000e\000t\000h\000e\000r}{chapter.9}% 57
\BOOKMARK [1][-]{section.9.6}{\376\377\000A\000s\000s\000e\000s\000s\000\040\000M\000o\000t\000i\000v\000a\000t\000i\000o\000n\000\040\000a\000n\000d\000\040\000P\000r\000i\000o\000r\000\040\000K\000n\000o\000w\000l\000e\000d\000g\000e}{chapter.9}% 58
\BOOKMARK [1][-]{section.9.7}{\376\377\000S\000t\000i\000c\000k\000y\000\040\000N\000o\000t\000e\000s\000\040\000a\000s\000\040\000S\000t\000a\000t\000u\000s\000\040\000F\000l\000a\000g\000s}{chapter.9}% 59
\BOOKMARK [1][-]{section.9.8}{\376\377\000S\000t\000i\000c\000k\000y\000\040\000N\000o\000t\000e\000s\000\040\000t\000o\000\040\000D\000i\000s\000t\000r\000i\000b\000u\000t\000e\000\040\000A\000t\000t\000e\000n\000t\000i\000o\000n}{chapter.9}% 60
\BOOKMARK [1][-]{section.9.9}{\376\377\000N\000e\000v\000e\000r\000\040\000T\000o\000u\000c\000h\000\040\000t\000h\000e\000\040\000L\000e\000a\000r\000n\000e\000r\000'\000s\000\040\000K\000e\000y\000b\000o\000a\000r\000d}{chapter.9}% 61
\BOOKMARK [1][-]{section.9.10}{\376\377\000M\000i\000n\000u\000t\000e\000\040\000C\000a\000r\000d\000s}{chapter.9}% 62
\BOOKMARK [1][-]{section.9.11}{\376\377\000O\000n\000e\000\040\000U\000p\000,\000\040\000O\000n\000e\000\040\000D\000o\000w\000n}{chapter.9}% 63
\BOOKMARK [1][-]{section.9.12}{\376\377\000P\000a\000i\000r\000\040\000P\000r\000o\000g\000r\000a\000m\000m\000i\000n\000g}{chapter.9}% 64
\BOOKMARK [1][-]{section.9.13}{\376\377\000H\000a\000v\000e\000\040\000L\000e\000a\000r\000n\000e\000r\000s\000\040\000M\000a\000k\000e\000\040\000P\000r\000e\000d\000i\000c\000t\000i\000o\000n\000s}{chapter.9}% 65
\BOOKMARK [1][-]{section.9.14}{\376\377\000C\000o\000l\000l\000a\000b\000o\000r\000a\000t\000i\000v\000e\000\040\000D\000e\000b\000u\000g\000g\000i\000n\000g}{chapter.9}% 66
\BOOKMARK [1][-]{section.9.15}{\376\377\000P\000e\000e\000r\000\040\000I\000n\000s\000t\000r\000u\000c\000t\000i\000o\000n}{chapter.9}% 67
\BOOKMARK [1][-]{section.9.16}{\376\377\000S\000e\000t\000t\000i\000n\000g\000\040\000U\000p\000\040\000Y\000o\000u\000r\000\040\000L\000e\000a\000r\000n\000e\000r\000s}{chapter.9}% 68
\BOOKMARK [1][-]{section.9.17}{\376\377\000S\000e\000t\000t\000i\000n\000g\000\040\000U\000p\000\040\000T\000a\000b\000l\000e\000s}{chapter.9}% 69
\BOOKMARK [1][-]{section.9.18}{\376\377\000S\000e\000t\000t\000i\000n\000g\000\040\000U\000p\000\040\000Y\000o\000u\000r\000\040\000O\000w\000n\000\040\000E\000n\000v\000i\000r\000o\000n\000m\000e\000n\000t}{chapter.9}% 70
\BOOKMARK [1][-]{section.9.19}{\376\377\000C\000o\000u\000g\000h\000\040\000D\000r\000o\000p\000s}{chapter.9}% 71
\BOOKMARK [1][-]{section.9.20}{\376\377\000T\000h\000i\000n\000k\000-\000P\000a\000i\000r\000-\000S\000h\000a\000r\000e}{chapter.9}% 72
\BOOKMARK [1][-]{section.9.21}{\376\377\000H\000u\000m\000o\000r}{chapter.9}% 73
\BOOKMARK [1][-]{section.9.22}{\376\377\000C\000h\000a\000l\000l\000e\000n\000g\000e\000s}{chapter.9}% 74
\BOOKMARK [0][-]{chapter.10}{\376\377\000T\000e\000a\000c\000h\000i\000n\000g\000\040\000O\000n\000l\000i\000n\000e}{}% 75
\BOOKMARK [1][-]{section.10.1}{\376\377\000G\000e\000n\000e\000r\000a\000l\000\040\000G\000u\000i\000d\000a\000n\000c\000e}{chapter.10}% 76
\BOOKMARK [1][-]{section.10.2}{\376\377\000D\000i\000f\000f\000e\000r\000e\000n\000t\000\040\000T\000y\000p\000e\000s\000\040\000o\000f\000\040\000E\000x\000e\000r\000c\000i\000s\000e\000s}{chapter.10}% 77
\BOOKMARK [1][-]{section.10.3}{\376\377\000C\000h\000a\000l\000l\000e\000n\000g\000e\000s}{chapter.10}% 78
\BOOKMARK [0][-]{chapter.11}{\376\377\000B\000u\000i\000l\000d\000i\000n\000g\000\040\000C\000o\000m\000m\000u\000n\000i\000t\000y}{}% 79
\BOOKMARK [1][-]{section.11.1}{\376\377\000L\000e\000a\000r\000n\000,\000\040\000T\000h\000e\000n\000\040\000D\000o}{chapter.11}% 80
\BOOKMARK [1][-]{section.11.2}{\376\377\000T\000h\000r\000e\000e\000\040\000S\000t\000e\000p\000s}{chapter.11}% 81
\BOOKMARK [1][-]{section.11.3}{\376\377\000R\000e\000t\000e\000n\000t\000i\000o\000n}{chapter.11}% 82
\BOOKMARK [1][-]{section.11.4}{\376\377\000G\000o\000v\000e\000r\000n\000a\000n\000c\000e}{chapter.11}% 83
\BOOKMARK [1][-]{section.11.5}{\376\377\000F\000i\000n\000a\000l\000\040\000T\000h\000o\000u\000g\000h\000t\000s}{chapter.11}% 84
\BOOKMARK [1][-]{section.11.6}{\376\377\000C\000h\000a\000l\000l\000e\000n\000g\000e\000s}{chapter.11}% 85
\BOOKMARK [0][-]{chapter.12}{\376\377\000M\000a\000r\000k\000e\000t\000i\000n\000g}{}% 86
\BOOKMARK [1][-]{section.12.1}{\376\377\000W\000h\000a\000t\000\040\000A\000r\000e\000\040\000Y\000o\000u\000\040\000O\000f\000f\000e\000r\000i\000n\000g\000\040\000t\000o\000\040\000W\000h\000o\000m\000?}{chapter.12}% 87
\BOOKMARK [1][-]{section.12.2}{\376\377\000B\000r\000a\000n\000d\000i\000n\000g\000\040\000a\000n\000d\000\040\000P\000o\000s\000i\000t\000i\000o\000n\000i\000n\000g}{chapter.12}% 88
\BOOKMARK [1][-]{section.12.3}{\376\377\000T\000h\000e\000\040\000A\000r\000t\000\040\000o\000f\000\040\000t\000h\000e\000\040\000C\000o\000l\000d\000\040\000C\000a\000l\000l}{chapter.12}% 89
\BOOKMARK [1][-]{section.12.4}{\376\377\000G\000o\000\040\000O\000v\000e\000r\000,\000\040\000G\000o\000\040\000T\000h\000r\000o\000u\000g\000h\000,\000\040\000G\000o\000\040\000A\000r\000o\000u\000n\000d\000,\000\040\000o\000r\000\040\000C\000h\000a\000n\000g\000e\000\040\000D\000i\000r\000e\000c\000t\000i\000o\000n}{chapter.12}% 90
\BOOKMARK [1][-]{section.12.5}{\376\377\000A\000\040\000F\000i\000n\000a\000l\000\040\000T\000h\000o\000u\000g\000h\000t}{chapter.12}% 91
\BOOKMARK [1][-]{section.12.6}{\376\377\000C\000h\000a\000l\000l\000e\000n\000g\000e\000s}{chapter.12}% 92
\BOOKMARK [0][-]{chapter.13}{\376\377\000L\000i\000c\000e\000n\000s\000e}{}% 93
\BOOKMARK [0][-]{chapter.14}{\376\377\000C\000o\000d\000e\000\040\000o\000f\000\040\000C\000o\000n\000d\000u\000c\000t}{}% 94
\BOOKMARK [0][-]{chapter.15}{\376\377\000C\000i\000t\000a\000t\000i\000o\000n}{}% 95
\BOOKMARK [0][-]{chapter.16}{\376\377\000H\000o\000w\000\040\000t\000o\000\040\000C\000o\000n\000t\000r\000i\000b\000u\000t\000e}{}% 96
\BOOKMARK [0][-]{chapter.17}{\376\377\000E\000x\000t\000r\000a\000\040\000M\000a\000t\000e\000r\000i\000a\000l}{}% 97
\BOOKMARK [1][-]{section.17.1}{\376\377\000H\000o\000w\000\040\000t\000o\000\040\000U\000s\000e\000\040\000T\000h\000i\000s\000\040\000M\000a\000t\000e\000r\000i\000a\000l}{chapter.17}% 98
\BOOKMARK [1][-]{section.17.2}{\376\377\000K\000e\000y\000\040\000T\000e\000r\000m\000s}{chapter.17}% 99
\BOOKMARK [1][-]{section.17.3}{\376\377\000S\000i\000t\000u\000a\000t\000e\000d\000\040\000L\000e\000a\000r\000n\000i\000n\000g}{chapter.17}% 100
\BOOKMARK [1][-]{section.17.4}{\376\377\000M\000y\000t\000h\000s}{chapter.17}% 101
\BOOKMARK [1][-]{section.17.5}{\376\377\000F\000e\000e\000d\000b\000a\000c\000k\000\040\000o\000n\000\040\000B\000a\000d\000\040\000T\000e\000a\000c\000h\000i\000n\000g\000\040\000D\000e\000m\000o\000\040\000V\000i\000d\000e\000o\000s}{chapter.17}% 102
\BOOKMARK [1][-]{section.17.6}{\376\377\000F\000e\000e\000d\000b\000a\000c\000k\000\040\000o\000n\000\040\000L\000i\000v\000e\000\040\000C\000o\000d\000i\000n\000g\000\040\000D\000e\000m\000o\000\040\000V\000i\000d\000e\000o\000s}{chapter.17}% 103
\BOOKMARK [1][-]{section.17.7}{\376\377\000E\000f\000f\000e\000c\000t\000i\000n\000g\000\040\000C\000h\000a\000n\000g\000e}{chapter.17}% 104
\BOOKMARK [1][-]{section.17.8}{\376\377\000E\000v\000a\000l\000u\000a\000t\000i\000n\000g\000\040\000I\000m\000p\000a\000c\000t}{chapter.17}% 105
\BOOKMARK [1][-]{section.17.9}{\376\377\000T\000h\000r\000e\000e\000\040\000K\000i\000n\000d\000s\000\040\000o\000f\000\040\000T\000h\000i\000n\000k\000i\000n\000g}{chapter.17}% 106
\BOOKMARK [0][-]{chapter.18}{\376\377\000B\000i\000b\000l\000i\000o\000g\000r\000a\000p\000h\000y}{}% 107
\BOOKMARK [1][-]{section.18.1}{\376\377\000W\000h\000a\000t\000\040\000t\000o\000\040\000R\000e\000a\000d\000\040\000N\000e\000x\000t}{chapter.18}% 108
\BOOKMARK [1][-]{section.18.2}{\376\377\000O\000t\000h\000e\000r\000\040\000R\000e\000f\000e\000r\000e\000n\000c\000e\000s}{chapter.18}% 109
\BOOKMARK [0][-]{chapter.19}{\376\377\000G\000l\000o\000s\000s\000a\000r\000y}{}% 110
\BOOKMARK [0][-]{chapter.20}{\376\377\000L\000e\000s\000s\000o\000n\000\040\000D\000e\000s\000i\000g\000n\000\040\000T\000e\000m\000p\000l\000a\000t\000e}{}% 111
\BOOKMARK [1][-]{section.20.1}{\376\377\000T\000e\000r\000m\000i\000n\000o\000l\000o\000g\000y\000\040\000a\000n\000d\000\040\000S\000t\000r\000u\000c\000t\000u\000r\000e}{chapter.20}% 112
\BOOKMARK [1][-]{section.20.2}{\376\377\000S\000t\000e\000p\000\040\0001\000:\000\040\000B\000r\000a\000i\000n\000s\000t\000o\000r\000m\000i\000n\000g}{chapter.20}% 113
\BOOKMARK [1][-]{section.20.3}{\376\377\000S\000t\000e\000p\000\040\0002\000:\000\040\000W\000h\000o\000\040\000I\000s\000\040\000T\000h\000i\000s\000\040\000C\000o\000u\000r\000s\000e\000\040\000F\000o\000r\000?}{chapter.20}% 114
\BOOKMARK [1][-]{section.20.4}{\376\377\000S\000t\000e\000p\000\040\0003\000:\000\040\000W\000h\000a\000t\000\040\000W\000i\000l\000l\000\040\000L\000e\000a\000r\000n\000e\000r\000s\000\040\000D\000o\000\040\000A\000l\000o\000n\000g\000\040\000t\000h\000e\000\040\000W\000a\000y\000?}{chapter.20}% 115
\BOOKMARK [1][-]{section.20.5}{\376\377\000S\000t\000e\000p\000\040\0004\000:\000\040\000H\000o\000w\000\040\000A\000r\000e\000\040\000C\000o\000n\000c\000e\000p\000t\000s\000\040\000C\000o\000n\000n\000e\000c\000t\000e\000d\000?}{chapter.20}% 116
\BOOKMARK [1][-]{section.20.6}{\376\377\000S\000t\000e\000p\000\040\0005\000:\000\040\000C\000o\000u\000r\000s\000e\000\040\000O\000v\000e\000r\000v\000i\000e\000w}{chapter.20}% 117
\BOOKMARK [1][-]{section.20.7}{\376\377\000R\000e\000m\000i\000n\000d\000e\000r}{chapter.20}% 118
\BOOKMARK [0][-]{chapter.21}{\376\377\000C\000h\000e\000c\000k\000l\000i\000s\000t\000s}{}% 119
\BOOKMARK [1][-]{section.21.1}{\376\377\000S\000c\000h\000e\000d\000u\000l\000i\000n\000g\000\040\000t\000h\000e\000\040\000E\000v\000e\000n\000t}{chapter.21}% 120
\BOOKMARK [1][-]{section.21.2}{\376\377\000S\000e\000t\000t\000i\000n\000g\000\040\000U\000p}{chapter.21}% 121
\BOOKMARK [1][-]{section.21.3}{\376\377\000A\000t\000\040\000t\000h\000e\000\040\000S\000t\000a\000r\000t\000\040\000o\000f\000\040\000t\000h\000e\000\040\000E\000v\000e\000n\000t}{chapter.21}% 122
\BOOKMARK [1][-]{section.21.4}{\376\377\000A\000t\000\040\000t\000h\000e\000\040\000E\000n\000d\000\040\000o\000f\000\040\000t\000h\000e\000\040\000E\000v\000e\000n\000t}{chapter.21}% 123
\BOOKMARK [1][-]{section.21.5}{\376\377\000T\000r\000a\000v\000e\000l\000\040\000K\000i\000t}{chapter.21}% 124
\BOOKMARK [0][-]{chapter.22}{\376\377\000T\000h\000e\000\040\000R\000u\000l\000e\000s}{}% 125
\BOOKMARK [0][-]{chapter.23}{\376\377\000W\000h\000y\000\040\000I\000\040\000T\000e\000a\000c\000h}{}% 126
